Determining if the pthread_create exist failed with the following output:
Change Dir: /home/zihan/MeshReconstruction/Registration/Registration/Registration/CMakeFiles/CMakeTmp

Run Build Command:"/usr/bin/make" "cmTC_5338a/fast"
/usr/bin/make -f CMakeFiles/cmTC_5338a.dir/build.make CMakeFiles/cmTC_5338a.dir/build
make[1]: Entering directory '/home/zihan/MeshReconstruction/Registration/Registration/Registration/CMakeFiles/CMakeTmp'
Building C object CMakeFiles/cmTC_5338a.dir/CheckSymbolExists.c.o
/usr/bin/cc    -o CMakeFiles/cmTC_5338a.dir/CheckSymbolExists.c.o   -c /home/zihan/MeshReconstruction/Registration/Registration/Registration/CMakeFiles/CMakeTmp/CheckSymbolExists.c
Linking C executable cmTC_5338a
/usr/bin/cmake -E cmake_link_script CMakeFiles/cmTC_5338a.dir/link.txt --verbose=1
/usr/bin/cc      -rdynamic CMakeFiles/cmTC_5338a.dir/CheckSymbolExists.c.o  -o cmTC_5338a 
CMakeFiles/cmTC_5338a.dir/CheckSymbolExists.c.o: In function `main':
CheckSymbolExists.c:(.text+0x1b): undefined reference to `pthread_create'
collect2: error: ld returned 1 exit status
CMakeFiles/cmTC_5338a.dir/build.make:97: recipe for target 'cmTC_5338a' failed
make[1]: *** [cmTC_5338a] Error 1
make[1]: Leaving directory '/home/zihan/MeshReconstruction/Registration/Registration/Registration/CMakeFiles/CMakeTmp'
Makefile:126: recipe for target 'cmTC_5338a/fast' failed
make: *** [cmTC_5338a/fast] Error 2

File /home/zihan/MeshReconstruction/Registration/Registration/Registration/CMakeFiles/CMakeTmp/CheckSymbolExists.c:
/* */
#include <pthread.h>

int main(int argc, char** argv)
{
  (void)argv;
#ifndef pthread_create
  return ((int*)(&pthread_create))[argc];
#else
  (void)argc;
  return 0;
#endif
}

Determining if the function pthread_create exists in the pthreads failed with the following output:
Change Dir: /home/zihan/MeshReconstruction/Registration/Registration/Registration/CMakeFiles/CMakeTmp

Run Build Command:"/usr/bin/make" "cmTC_d68e8/fast"
/usr/bin/make -f CMakeFiles/cmTC_d68e8.dir/build.make CMakeFiles/cmTC_d68e8.dir/build
make[1]: Entering directory '/home/zihan/MeshReconstruction/Registration/Registration/Registration/CMakeFiles/CMakeTmp'
Building C object CMakeFiles/cmTC_d68e8.dir/CheckFunctionExists.c.o
/usr/bin/cc   -DCHECK_FUNCTION_EXISTS=pthread_create   -o CMakeFiles/cmTC_d68e8.dir/CheckFunctionExists.c.o   -c /usr/share/cmake-3.10/Modules/CheckFunctionExists.c
Linking C executable cmTC_d68e8
/usr/bin/cmake -E cmake_link_script CMakeFiles/cmTC_d68e8.dir/link.txt --verbose=1
/usr/bin/cc  -DCHECK_FUNCTION_EXISTS=pthread_create    -rdynamic CMakeFiles/cmTC_d68e8.dir/CheckFunctionExists.c.o  -o cmTC_d68e8 -lpthreads 
/usr/bin/ld: cannot find -lpthreads
collect2: error: ld returned 1 exit status
CMakeFiles/cmTC_d68e8.dir/build.make:97: recipe for target 'cmTC_d68e8' failed
make[1]: *** [cmTC_d68e8] Error 1
make[1]: Leaving directory '/home/zihan/MeshReconstruction/Registration/Registration/Registration/CMakeFiles/CMakeTmp'
Makefile:126: recipe for target 'cmTC_d68e8/fast' failed
make: *** [cmTC_d68e8/fast] Error 2


